[1] "fullargs: /home/az109/miniconda3/envs/my-snpnet-environment/lib/R/bin/exec/R"                            
[2] "fullargs: --no-echo"                                                                                     
[3] "fullargs: --no-restore"                                                                                  
[4] "fullargs: --file=/net/bmc-lab4/data/kellis/users/az109/ukb21942/pheno/05_brain_mri/2_define_phenotypes.R"
[1] "args: "
[1] "script name: /net/bmc-lab4/data/kellis/users/az109/ukb21942/pheno/05_brain_mri/2_define_phenotypes.R"
[1] "dir name: /net/bmc-lab4/data/kellis/users/az109/ukb21942/pheno/05_brain_mri"
[1] "output files"
[1] "phe_f: /net/bmc-lab4/data/kellis/users/az109/ukb21942/pheno/brain_mri.tsv.gz"
[1] "phe_long_f: /net/bmc-lab4/data/kellis/users/az109/ukb21942/pheno/brain_mri.long.tsv.gz"
[1] "phe_counts_f: /net/bmc-lab4/data/kellis/users/az109/ukb21942/pheno/brain_mri.counts.tsv.gz"
[1] "fields_df"
   Field ID                                           Description Short_Name
1:    25056  Mean FA in middle cerebellar peduncle on FA skeleton         NA
2:    25057      Mean FA in pontine crossing tract on FA skeleton         NA
3:    25058     Mean FA in genu of corpus callosum on FA skeleton         NA
4:    25059     Mean FA in body of corpus callosum on FA skeleton         NA
5:    25060 Mean FA in splenium of corpus callosum on FA skeleton         NA
6:    25061                      Mean FA in fornix on FA skeleton         NA
   Category       Category_Name
1:       NA Diffusion_brain_MRI
2:       NA Diffusion_brain_MRI
3:       NA Diffusion_brain_MRI
4:       NA Diffusion_brain_MRI
5:       NA Diffusion_brain_MRI
6:       NA Diffusion_brain_MRI
[1] "field_names_df"
  [1] "INI25056" "INI25057" "INI25058" "INI25059" "INI25060" "INI25061"
  [7] "INI25062" "INI25063" "INI25064" "INI25066" "INI25067" "INI25068"
 [13] "INI25069" "INI25071" "INI25072" "INI25073" "INI25074" "INI25075"
 [19] "INI25076" "INI25077" "INI25078" "INI25079" "INI25080" "INI25081"
 [25] "INI25083" "INI25084" "INI25085" "INI25086" "INI25087" "INI25088"
 [31] "INI25089" "INI25090" "INI25091" "INI25092" "INI25093" "INI25094"
 [37] "INI25096" "INI25097" "INI25098" "INI25099" "INI25100" "INI25101"
 [43] "INI25102" "INI25103" "INI25344" "INI25345" "INI25346" "INI25347"
 [49] "INI25349" "INI25350" "INI25351" "INI25352" "INI25353" "INI25354"
 [55] "INI25355" "INI25356" "INI25357" "INI25358" "INI25359" "INI25360"
 [61] "INI25361" "INI25362" "INI25363" "INI25364" "INI25365" "INI25366"
 [67] "INI25367" "INI25368" "INI25369" "INI25370" "INI25371" "INI25372"
 [73] "INI25373" "INI25374" "INI25375" "INI25376" "INI25377" "INI25378"
 [79] "INI25379" "INI25380" "INI25381" "INI25382" "INI25383" "INI25384"
 [85] "INI25385" "INI25386" "INI25387" "INI25388" "INI25389" "INI25391"
 [91] "INI25440" "INI25441" "INI25443" "INI25445" "INI25446" "INI25447"
 [97] "INI25451" "INI25452" "INI25453" "INI25457" "INI25458" "INI25460"
[103] "INI25461" "INI25462" "INI25463" "INI25464" "INI25465" "INI25467"
[109] "INI25469" "INI25470" "INI25471" "INI25473" "INI25474" "INI25475"
[115] "INI25482" "INI25483" "INI25488" "INI25489" "INI25490" "INI25491"
[121] "INI25492" "INI25493" "INI25495" "INI25497" "INI25498" "INI25499"
[127] "INI25500" "INI25501" "INI25502" "INI25503" "INI25506" "INI25507"
[133] "INI25508" "INI25509" "INI25511" "INI25512" "INI25513" "INI25514"
[139] "INI25515" "INI25516" "INI25517" "INI25519" "INI25520" "INI25521"
[145] "INI25523" "INI25524" "INI25525" "INI25526" "INI25527" "INI25528"
[151] "INI25529" "INI25530" "INI25531" "INI25533" "INI25536" "INI25538"
[157] "INI25539" "INI25540" "INI25541" "INI25542" "INI25543" "INI25544"
[163] "INI25545" "INI25548" "INI25549" "INI25551" "INI25553" "INI25555"
[169] "INI25558" "INI25560" "INI25561" "INI25562" "INI25563" "INI25564"
[175] "INI25566" "INI25570" "INI25571" "INI25572" "INI25578" "INI25579"
[181] "INI25580" "INI25581" "INI25582" "INI25583" "INI25584" "INI25585"
[187] "INI25589" "INI25590" "INI25591" "INI25592" "INI25593" "INI25594"
[193] "INI25597" "INI25598" "INI25599" "INI25600" "INI25601" "INI25602"
[199] "INI25604" "INI25605" "INI25606" "INI25607" "INI25608" "INI25609"
[205] "INI25610" "INI25611" "INI25614" "INI25615" "INI25617" "INI25618"
[211] "INI25619" "INI25621" "INI25622" "INI25624" "INI25625" "INI25626"
[217] "INI25627" "INI25628" "INI25633" "INI25634" "INI25635" "INI25636"
[223] "INI25637" "INI25638" "INI25639" "INI25640" "INI25641" "INI25642"
[229] "INI25644" "INI25646" "INI25647" "INI25648" "INI25649" "INI25650"
[235] "INI25651" "INI25652" "INI25653" "INI25654" "INI25655" "INI25656"
[241] "INI25657" "INI25658" "INI25659" "INI25660" "INI25661" "INI25662"
[247] "INI25663" "INI25664" "INI25665" "INI25666" "INI25667" "INI25668"
[253] "INI25669" "INI25670" "INI25671" "INI25672" "INI25673" "INI25674"
[259] "INI25675" "INI25676" "INI25679" "INI25680" "INI25681" "INI25682"
[265] "INI25684" "INI25685" "INI25687" "INI25689" "INI25690" "INI25691"
[271] "INI25692" "INI25694" "INI25695" "INI25696" "INI25697" "INI25698"
[277] "INI25699" "INI25700" "INI25701" "INI25702" "INI25703" "INI25704"
[283] "INI25705" "INI25707" "INI25708" "INI25709" "INI25712" "INI25713"
[289] "INI25716" "INI25717" "INI25718" "INI25719" "INI25723" "INI25724"
[295] "INI25725" "INI25726" "INI25727" "INI25728" "INI25729" "INI25730"
[301] "INI25026" "INI25027" "INI25028" "INI25029" "INI25030" "INI25031"
[307] "INI25032" "INI25033" "INI25034" "INI25036" "INI25037" "INI25039"
[313] "INI25000" "INI25001" "INI25002" "INI25003" "INI25004" "INI25005"
[319] "INI25006" "INI25007" "INI25008" "INI25009" "INI25010" "INI25011"
[325] "INI25012" "INI25013" "INI25015" "INI25016" "INI25017" "INI25018"
[331] "INI25019" "INI25021" "INI25022" "INI25023" "INI25024" "INI25025"
[337] "INI25734" "INI25782" "INI25784" "INI25785" "INI25786" "INI25787"
[343] "INI25788" "INI25789" "INI25791" "INI25793" "INI25794" "INI25795"
[349] "INI25796" "INI25797" "INI25798" "INI25799" "INI25800" "INI25801"
[355] "INI25803" "INI25805" "INI25806" "INI25807" "INI25808" "INI25809"
[361] "INI25810" "INI25812" "INI25813" "INI25815" "INI25817" "INI25818"
[367] "INI25820" "INI25822" "INI25825" "INI25827" "INI25830" "INI25833"
[373] "INI25834" "INI25835" "INI25837" "INI25838" "INI25839" "INI25840"
[379] "INI25841" "INI25842" "INI25845" "INI25846" "INI25847" "INI25848"
[385] "INI25849" "INI25850" "INI25851" "INI25853" "INI25854" "INI25856"
[391] "INI25857" "INI25859" "INI25860" "INI25861" "INI25862" "INI25864"
[397] "INI25865" "INI25866" "INI25867" "INI25868" "INI25869" "INI25870"
[403] "INI25871" "INI25872" "INI25873" "INI25874" "INI25875" "INI25877"
[409] "INI25878" "INI25879" "INI25880" "INI25881" "INI25887" "INI25888"
[415] "INI25891" "INI25892" "INI25893" "INI25894" "INI25895" "INI25896"
[421] "INI25897" "INI25898" "INI25899" "INI25903" "INI25904" "INI25906"
[427] "INI25907" "INI25908" "INI25909" "INI25910" "INI25911" "INI25912"
[433] "INI25914" "INI25915" "INI25916" "INI25917" "INI25919" "INI25920"
[1] "SQL_dump_f"
[1] "/net/bmc-lab4/data/kellis/users/az109/ukb21942/pheno/tmp/05_brain_mri/tab_dump.tsv.gz"
   value < 0        n
1:     FALSE 22225411
2:      TRUE        7
   array        n
1:     0 22225418
slurmstepd: error: *** JOB 9832881 ON b12 CANCELLED AT 2025-01-08T15:25:49 ***
