[1] "fullargs: /home/az109/miniconda3/envs/my-snpnet-environment/lib/R/bin/exec/R"            
[2] "fullargs: --no-echo"                                                                     
[3] "fullargs: --no-restore"                                                                  
[4] "fullargs: --file=/home/az109/urop_proj/ukb21942/pheno/05_brain_mri/2_define_phenotypes.R"
[1] "args: "
[1] "script name: /net/bmc-lab4/data/kellis/users/az109/ukb21942/pheno/05_brain_mri/2_define_phenotypes.R"
[1] "dir name: /net/bmc-lab4/data/kellis/users/az109/ukb21942/pheno/05_brain_mri"
[1] "output files"
[1] "phe_f: /net/bmc-lab4/data/kellis/users/az109/ukb21942//pheno/brain_mri.tsv.gz"
[1] "phe_long_f: /net/bmc-lab4/data/kellis/users/az109/ukb21942//pheno/brain_mri.long.tsv.gz"
[1] "phe_counts_f: /net/bmc-lab4/data/kellis/users/az109/ukb21942//pheno/brain_mri.counts.tsv.gz"
[1] "fields_df"
   Field ID                                            Description Short_Name
1:    25890       Volume of grey matter in Ventral Striatum (left)         NA
2:    25829 Volume of grey matter in Intracalcarine Cortex (right)         NA
3:    25902     Volume of grey matter in Crus I Cerebellum (right)         NA
4:    25828  Volume of grey matter in Intracalcarine Cortex (left)         NA
   Category                                                Category_Name
1:     1101 T1 Structural brain MRI, Regional grey matter volumes (FAST)
2:     1101 T1 Structural brain MRI, Regional grey matter volumes (FAST)
3:     1101 T1 Structural brain MRI, Regional grey matter volumes (FAST)
4:     1101 T1 Structural brain MRI, Regional grey matter volumes (FAST)
[1] "field_names_df"
     GBE_ID                                               GBE_NAME Short_Name
1: INI25890       Volume of grey matter in Ventral Striatum (left)         NA
2: INI25829 Volume of grey matter in Intracalcarine Cortex (right)         NA
3: INI25902     Volume of grey matter in Crus I Cerebellum (right)         NA
4: INI25828  Volume of grey matter in Intracalcarine Cortex (left)         NA
   Category                                                Category_Name
1:     1101 T1 Structural brain MRI, Regional grey matter volumes (FAST)
2:     1101 T1 Structural brain MRI, Regional grey matter volumes (FAST)
3:     1101 T1 Structural brain MRI, Regional grey matter volumes (FAST)
4:     1101 T1 Structural brain MRI, Regional grey matter volumes (FAST)
                                   GBE_short_name
1:      Vol. of grey matter in Ventral Striatum L
2: Vol. of grey matter in Intracalcarine Cortex R
3:     Vol. of grey matter in Crus I Cerebellum R
4: Vol. of grey matter in Intracalcarine Cortex L
   value < 0      n
1:     FALSE 204708
   array      n
1:     0 204708
[1] "phe_long_df"
# A tibble: 186,120 × 4
   FID     IID     GBE_ID   value
   <chr>   <chr>   <fct>    <dbl>
 1 1000044 1000044 INI25828 3332.
 2 1000289 1000289 INI25828 1741.
 3 1000457 1000457 INI25828 2146.
 4 1000537 1000537 INI25828 1995.
 5 1000703 1000703 INI25828 3075.
 6 1000742 1000742 INI25828 2361.
 7 1000756 1000756 INI25828 1853.
 8 1000881 1000881 INI25828 2121.
 9 1000890 1000890 INI25828 2610.
10 1001115 1001115 INI25828 2218.
# … with 186,110 more rows
[1] "phe_wide_df"
            FID     IID INI25828 INI25829 INI25890 INI25902
     1:      -1      -1       NA       NA       NA       NA
     2:      -2      -2       NA       NA       NA       NA
     3:      -3      -3       NA       NA       NA       NA
     4:      -4      -4       NA       NA       NA       NA
     5:      -5      -5       NA       NA       NA       NA
    ---                                                    
488373: 6026376 6026376  2824.68  2669.57   503.14 12747.00
488374: 6026389 6026389  1796.04  2121.91   435.80  9508.69
488375: 6026393 6026393       NA       NA       NA       NA
488376: 6026407 6026407       NA       NA       NA       NA
488377: 6026419 6026419       NA       NA       NA       NA
[1] "phe_counts_df"
# A tibble: 4 × 15
  GBE_ID   GBE_NAME   GBE_short_name    WB   NBW   Afr    SA others WB_MM NBW_MM
  <fct>    <chr>      <chr>          <int> <int> <int> <int>  <int> <int>  <int>
1 INI25828 Volume of… Vol. of grey … 32459  1242   219   370   3315 39356   1416
2 INI25829 Volume of… Vol. of grey … 32459  1242   219   370   3315 39356   1416
3 INI25890 Volume of… Vol. of grey … 32459  1242   219   370   3315 39356   1416
4 INI25902 Volume of… Vol. of grey … 32459  1242   219   370   3315 39356   1416
# … with 5 more variables: Afr_MM <int>, SA_MM <int>, others_MM <int>,
#   total <int>, total_MM <int>
[1] "done"
