[1] "fullargs: /home/az109/miniconda3/envs/my-snpnet-environment/lib/R/bin/exec/R"            
[2] "fullargs: --no-echo"                                                                     
[3] "fullargs: --no-restore"                                                                  
[4] "fullargs: --file=/home/az109/urop_proj/ukb21942/pheno/05_brain_mri/2_define_phenotypes.R"
[1] "args: "
[1] "script name: /net/bmc-lab4/data/kellis/users/az109/ukb21942/pheno/05_brain_mri/2_define_phenotypes.R"
[1] "dir name: /net/bmc-lab4/data/kellis/users/az109/ukb21942/pheno/05_brain_mri"
[1] "output files"
[1] "phe_f: /net/bmc-lab4/data/kellis/users/az109/ukb21942//pheno/blood_count.tsv.gz"
[1] "phe_long_f: /net/bmc-lab4/data/kellis/users/az109/ukb21942//pheno/blood_count.long.tsv.gz"
[1] "phe_counts_f: /net/bmc-lab4/data/kellis/users/az109/ukb21942//pheno/blood_count.counts.tsv.gz"
[1] "fields_df"
   Field ID                                            Description Short_Name
1:    25888               Volume of grey matter in Amygdala (left)  VGM_Amd_L
2:    25829 Volume of grey matter in Intracalcarine Cortex (right)  VGM_Icc_R
   Category                                                Category_Name
1:     1101 T1 Structural brain MRI, Regional grey matter volumes (FAST)
2:     1101 T1 Structural brain MRI, Regional grey matter volumes (FAST)
                                                        URL
1: https://biobank.ctsu.ox.ac.uk/crystal/field.cgi?id=25888
2: https://biobank.ctsu.ox.ac.uk/crystal/field.cgi?id=25829
[1] "field_names_df"
     GBE_ID                                               GBE_NAME Short_Name
1: INI25888               Volume of grey matter in Amygdala (left)  VGM_Amd_L
2: INI25829 Volume of grey matter in Intracalcarine Cortex (right)  VGM_Icc_R
   Category                                                Category_Name
1:     1101 T1 Structural brain MRI, Regional grey matter volumes (FAST)
2:     1101 T1 Structural brain MRI, Regional grey matter volumes (FAST)
                                                        URL GBE_short_name
1: https://biobank.ctsu.ox.ac.uk/crystal/field.cgi?id=25888     Short_Name
2: https://biobank.ctsu.ox.ac.uk/crystal/field.cgi?id=25829     Short_Name
   value < 0      n
1:     FALSE 102354
   array      n
1:     0 102354
[1] "phe_long_df"
# A tibble: 93,060 × 4
   FID     IID     GBE_ID   value
   <chr>   <chr>   <fct>    <dbl>
 1 1000044 1000044 INI25829 3805.
 2 1000289 1000289 INI25829 1827.
 3 1000457 1000457 INI25829 2069.
 4 1000537 1000537 INI25829 1963.
 5 1000703 1000703 INI25829 3102.
 6 1000742 1000742 INI25829 2353.
 7 1000756 1000756 INI25829 2184.
 8 1000881 1000881 INI25829 2329.
 9 1000890 1000890 INI25829 2369.
10 1001115 1001115 INI25829 2269.
# … with 93,050 more rows
[1] "phe_wide_df"
            FID     IID INI25829 INI25888
     1:      -1      -1       NA       NA
     2:      -2      -2       NA       NA
     3:      -3      -3       NA       NA
     4:      -4      -4       NA       NA
     5:      -5      -5       NA       NA
    ---                                  
488373: 6026376 6026376  2669.57  1989.71
488374: 6026389 6026389  2121.91  1555.90
488375: 6026393 6026393       NA       NA
488376: 6026407 6026407       NA       NA
488377: 6026419 6026419       NA       NA
[1] "phe_counts_df"
# A tibble: 2 × 15
  GBE_ID   GBE_NAME   GBE_short_name    WB   NBW   Afr    SA others WB_MM NBW_MM
  <fct>    <chr>      <chr>          <int> <int> <int> <int>  <int> <int>  <int>
1 INI25829 Volume of… Short_Name     32459  1242   219   370   3315 39356   1416
2 INI25888 Volume of… Short_Name     32459  1242   219   370   3315 39356   1416
# … with 5 more variables: Afr_MM <int>, SA_MM <int>, others_MM <int>,
#   total <int>, total_MM <int>
[1] "done"
